# JRE version: Java(TM) SE Runtime Environment (7.0_51-b13) (build 1.7.0_51-b13)
# Java VM: Java HotSpot(TM) Client VM (24.51-b03 mixed mode windows-x86 )
Heap
 def new generation   total 23424K, used 2342K [0x10070000, 0x119d0000, 0x155c0000)
  eden space 20864K,   7% used [0x10070000, 0x10210678, 0x114d0000)
  from space 2560K,  26% used [0x114d0000, 0x11579420, 0x11750000)
  to   space 2560K,   0% used [0x11750000, 0x11750000, 0x119d0000)
 tenured generation   total 51848K, used 35305K [0x155c0000, 0x18862000, 0x20070000)
   the space 51848K,  68% used [0x155c0000, 0x1783a500, 0x1783a600, 0x18862000)
 compacting perm gen  total 40192K, used 40054K [0x20070000, 0x227b0000, 0x24070000)
   the space 40192K,  99% used [0x20070000, 0x2278dbc8, 0x2278dc00, 0x227b0000)
GC Heap History (10 events):
Event: 102.387 GC heap before
{Heap before GC invocations=170 (full 9):
 def new generation   total 23424K, used 22725K [0x10070000, 0x119d0000, 0x155c0000)
  eden space 20864K, 100% used [0x10070000, 0x114d0000, 0x114d0000)
  from space 2560K,  72% used [0x11750000, 0x11921538, 0x119d0000)
  to   space 2560K,   0% used [0x114d0000, 0x114d0000, 0x11750000)
 tenured generation   total 51848K, used 31108K [0x155c0000, 0x18862000, 0x20070000)
   the space 51848K,  59% used [0x155c0000, 0x17421308, 0x17421400, 0x18862000)
 compacting perm gen  total 37120K, used 37090K [0x20070000, 0x224b0000, 0x24070000)
   the space 37120K,  99% used [0x20070000, 0x224a89a0, 0x224a8a00, 0x224b0000)
No shared spaces configured.
Event: 102.404 GC heap after
Heap after GC invocations=171 (full 9):
 def new generation   total 23424K, used 1741K [0x10070000, 0x119d0000, 0x155c0000)
  eden space 20864K,   0% used [0x10070000, 0x10070000, 0x114d0000)
  from space 2560K,  68% used [0x114d0000, 0x11683738, 0x11750000)
  to   space 2560K,   0% used [0x11750000, 0x11750000, 0x119d0000)
 tenured generation   total 51848K, used 32058K [0x155c0000, 0x18862000, 0x20070000)
   the space 51848K,  61% used [0x155c0000, 0x1750eac8, 0x1750ec00, 0x18862000)
 compacting perm gen  total 37120K, used 37090K [0x20070000, 0x224b0000, 0x24070000)
   the space 37120K,  99% used [0x20070000, 0x224a89a0, 0x224a8a00, 0x224b0000)
No shared spaces configured.
}
Event: 103.073 GC heap before
{Heap before GC invocations=171 (full 9):
 def new generation   total 23424K, used 22605K [0x10070000, 0x119d0000, 0x155c0000)
  eden space 20864K, 100% used [0x10070000, 0x114d0000, 0x114d0000)
  from space 2560K,  68% used [0x114d0000, 0x11683738, 0x11750000)
  to   space 2560K,   0% used [0x11750000, 0x11750000, 0x119d0000)
 tenured generation   total 51848K, used 32058K [0x155c0000, 0x18862000, 0x20070000)
   the space 51848K,  61% used [0x155c0000, 0x1750eac8, 0x1750ec00, 0x18862000)
 compacting perm gen  total 37376K, used 37338K [0x20070000, 0x224f0000, 0x24070000)
   the space 37376K,  99% used [0x20070000, 0x224e6bb8, 0x224e6c00, 0x224f0000)
No shared spaces configured.
Event: 103.086 GC heap after
Heap after GC invocations=172 (full 9):
 def new generation   total 23424K, used 1017K [0x10070000, 0x119d0000, 0x155c0000)
  eden space 20864K,   0% used [0x10070000, 0x10070000, 0x114d0000)
  from space 2560K,  39% used [0x11750000, 0x1184e6f8, 0x119d0000)
  to   space 2560K,   0% used [0x114d0000, 0x114d0000, 0x11750000)
 tenured generation   total 51848K, used 33434K [0x155c0000, 0x18862000, 0x20070000)
   the space 51848K,  64% used [0x155c0000, 0x176668d0, 0x17666a00, 0x18862000)
 compacting perm gen  total 37376K, used 37338K [0x20070000, 0x224f0000, 0x24070000)
   the space 37376K,  99% used [0x20070000, 0x224e6bb8, 0x224e6c00, 0x224f0000)
No shared spaces configured.
}
Event: 103.664 GC heap before
{Heap before GC invocations=172 (full 9):
 def new generation   total 23424K, used 21881K [0x10070000, 0x119d0000, 0x155c0000)
  eden space 20864K, 100% used [0x10070000, 0x114d0000, 0x114d0000)
  from space 2560K,  39% used [0x11750000, 0x1184e6f8, 0x119d0000)
  to   space 2560K,   0% used [0x114d0000, 0x114d0000, 0x11750000)
 tenured generation   total 51848K, used 33434K [0x155c0000, 0x18862000, 0x20070000)
   the space 51848K,  64% used [0x155c0000, 0x176668d0, 0x17666a00, 0x18862000)
 compacting perm gen  total 37376K, used 37351K [0x20070000, 0x224f0000, 0x24070000)
   the space 37376K,  99% used [0x20070000, 0x224e9c00, 0x224e9c00, 0x224f0000)
No shared spaces configured.
Event: 103.672 GC heap after
Heap after GC invocations=173 (full 9):
 def new generation   total 23424K, used 751K [0x10070000, 0x119d0000, 0x155c0000)
  eden space 20864K,   0% used [0x10070000, 0x10070000, 0x114d0000)
  from space 2560K,  29% used [0x114d0000, 0x1158bca8, 0x11750000)
  to   space 2560K,   0% used [0x11750000, 0x11750000, 0x119d0000)
 tenured generation   total 51848K, used 33434K [0x155c0000, 0x18862000, 0x20070000)
   the space 51848K,  64% used [0x155c0000, 0x176668d0, 0x17666a00, 0x18862000)
 compacting perm gen  total 37376K, used 37351K [0x20070000, 0x224f0000, 0x24070000)
   the space 37376K,  99% used [0x20070000, 0x224e9c00, 0x224e9c00, 0x224f0000)
No shared spaces configured.
}
Event: 259.629 GC heap before
{Heap before GC invocations=173 (full 9):
 def new generation   total 23424K, used 21615K [0x10070000, 0x119d0000, 0x155c0000)
  eden space 20864K, 100% used [0x10070000, 0x114d0000, 0x114d0000)
  from space 2560K,  29% used [0x114d0000, 0x1158bca8, 0x11750000)
  to   space 2560K,   0% used [0x11750000, 0x11750000, 0x119d0000)
 tenured generation   total 51848K, used 33434K [0x155c0000, 0x18862000, 0x20070000)
   the space 51848K,  64% used [0x155c0000, 0x176668d0, 0x17666a00, 0x18862000)
 compacting perm gen  total 39936K, used 39731K [0x20070000, 0x22770000, 0x24070000)
   the space 39936K,  99% used [0x20070000, 0x2273cc48, 0x2273ce00, 0x22770000)
No shared spaces configured.
Event: 259.635 GC heap after
Heap after GC invocations=174 (full 9):
 def new generation   total 23424K, used 2560K [0x10070000, 0x119d0000, 0x155c0000)
  eden space 20864K,   0% used [0x10070000, 0x10070000, 0x114d0000)
  from space 2560K, 100% used [0x11750000, 0x119d0000, 0x119d0000)
  to   space 2560K,   0% used [0x114d0000, 0x114d0000, 0x11750000)
 tenured generation   total 51848K, used 34203K [0x155c0000, 0x18862000, 0x20070000)
   the space 51848K,  65% used [0x155c0000, 0x17726ce0, 0x17726e00, 0x18862000)
 compacting perm gen  total 39936K, used 39731K [0x20070000, 0x22770000, 0x24070000)
   the space 39936K,  99% used [0x20070000, 0x2273cc48, 0x2273ce00, 0x22770000)
No shared spaces configured.
}
Event: 1772.813 GC heap before
{Heap before GC invocations=174 (full 9):
 def new generation   total 23424K, used 23424K [0x10070000, 0x119d0000, 0x155c0000)
  eden space 20864K, 100% used [0x10070000, 0x114d0000, 0x114d0000)
  from space 2560K, 100% used [0x11750000, 0x119d0000, 0x119d0000)
  to   space 2560K,   0% used [0x114d0000, 0x114d0000, 0x11750000)
 tenured generation   total 51848K, used 34203K [0x155c0000, 0x18862000, 0x20070000)
   the space 51848K,  65% used [0x155c0000, 0x17726ce0, 0x17726e00, 0x18862000)
 compacting perm gen  total 40192K, used 40033K [0x20070000, 0x227b0000, 0x24070000)
   the space 40192K,  99% used [0x20070000, 0x227886d0, 0x22788800, 0x227b0000)
No shared spaces configured.
Event: 1773.895 GC heap after
Heap after GC invocations=175 (full 9):
 def new generation   total 23424K, used 677K [0x10070000, 0x119d0000, 0x155c0000)
  eden space 20864K,   0% used [0x10070000, 0x10070000, 0x114d0000)
  from space 2560K,  26% used [0x114d0000, 0x11579420, 0x11750000)
  to   space 2560K,   0% used [0x11750000, 0x11750000, 0x119d0000)
 tenured generation   total 51848K, used 35305K [0x155c0000, 0x18862000, 0x20070000)
   the space 51848K,  68% used [0x155c0000, 0x1783a500, 0x1783a600, 0x18862000)
 compacting perm gen  total 40192K, used 40033K [0x20070000, 0x227b0000, 0x24070000)
   the space 40192K,  99% used [0x20070000, 0x227886d0, 0x22788800, 0x227b0000)
No shared spaces configured.
}

